[2025-10-28 01:01:33,210] INFO [Controller id=0] Processing automatic preferred replica leader election (kafka.controller.KafkaController)
[2025-10-28 01:01:33,212] TRACE [Controller id=0] Checking need to trigger auto leader balancing (kafka.controller.KafkaController)
[2025-10-28 01:01:33,213] DEBUG [Controller id=0] Topics not in preferred replica for broker 0 Map() (kafka.controller.KafkaController)
[2025-10-28 01:01:33,213] TRACE [Controller id=0] Leader imbalance ratio for broker 0 is 0.0 (kafka.controller.KafkaController)
[2025-10-28 01:06:33,218] INFO [Controller id=0] Processing automatic preferred replica leader election (kafka.controller.KafkaController)
[2025-10-28 01:06:33,218] TRACE [Controller id=0] Checking need to trigger auto leader balancing (kafka.controller.KafkaController)
[2025-10-28 01:06:33,234] DEBUG [Controller id=0] Topics not in preferred replica for broker 0 Map() (kafka.controller.KafkaController)
[2025-10-28 01:06:33,234] TRACE [Controller id=0] Leader imbalance ratio for broker 0 is 0.0 (kafka.controller.KafkaController)
[2025-10-28 01:10:49,177] INFO [Controller id=0] Shutting down broker 0 (kafka.controller.KafkaController)
[2025-10-28 01:10:49,189] DEBUG [Controller id=0] All shutting down brokers: 0 (kafka.controller.KafkaController)
[2025-10-28 01:10:49,195] DEBUG [Controller id=0] Live brokers:  (kafka.controller.KafkaController)
[2025-10-28 01:10:49,254] TRACE [Controller id=0] All leaders = sensor_data-0 -> (Leader:0,ISR:0,LeaderRecoveryState:RECOVERED,LeaderEpoch:0,ZkVersion:0,ControllerEpoch:1) (kafka.controller.KafkaController)
[2025-10-28 01:10:50,714] INFO [ControllerEventThread controllerId=0] Shutting down (kafka.controller.ControllerEventManager$ControllerEventThread)
[2025-10-28 01:10:50,720] INFO [ControllerEventThread controllerId=0] Shutdown completed (kafka.controller.ControllerEventManager$ControllerEventThread)
[2025-10-28 01:10:50,720] INFO [ControllerEventThread controllerId=0] Stopped (kafka.controller.ControllerEventManager$ControllerEventThread)
[2025-10-28 01:10:50,727] DEBUG [Controller id=0] Resigning (kafka.controller.KafkaController)
[2025-10-28 01:10:50,739] DEBUG [Controller id=0] Unregister BrokerModifications handler for Set(0) (kafka.controller.KafkaController)
[2025-10-28 01:10:50,772] INFO [PartitionStateMachine controllerId=0] Stopped partition state machine (kafka.controller.ZkPartitionStateMachine)
[2025-10-28 01:10:50,785] INFO [ReplicaStateMachine controllerId=0] Stopped replica state machine (kafka.controller.ZkReplicaStateMachine)
[2025-10-28 01:10:50,795] INFO [RequestSendThread controllerId=0] Shutting down (kafka.controller.RequestSendThread)
[2025-10-28 01:10:50,797] INFO [RequestSendThread controllerId=0] Shutdown completed (kafka.controller.RequestSendThread)
[2025-10-28 01:10:50,795] INFO [RequestSendThread controllerId=0] Stopped (kafka.controller.RequestSendThread)
[2025-10-28 01:10:50,818] INFO [Controller id=0] Resigned (kafka.controller.KafkaController)
